<?xml version="1.0" encoding="UTF-8"?>
<!-- Generated by org.testng.reporters.JUnitReportReporter -->
<testsuite hostname="Rayyan" failures="0" tests="5" name="testNG_HomeWork.HW_01_Lesson2" time="0.011" errors="0" timestamp="2024-09-02T08:09:25 EDT" skipped="1">
  <testcase classname="testNG_HomeWork.HW_01_Lesson2" name="fourthTest" time="0.009"/>
  <system-out/>
  <testcase classname="testNG_HomeWork.HW_01_Lesson2" name="thirdTest" time="0.001"/>
  <system-out/>
  <testcase classname="testNG_HomeWork.HW_01_Lesson2" name="secondTest" time="0.001"/>
  <system-out/>
  <testcase classname="testNG_HomeWork.HW_01_Lesson2" name="firstTest" time="0.000"/>
  <system-out/>
  <testcase classname="testNG_HomeWork.HW_01_Lesson2" name="firstTest1">
    <skipped/>
  </testcase> <!-- firstTest1 -->
  <system-out/>
</testsuite> <!-- testNG_HomeWork.HW_01_Lesson2 -->
